android/app/build/intermediates/manifest_merge_blame_file/debug/manifest-merger-blame-debug-report.txt
1<?xml version="1.0" encoding="utf-8"?>
2<manifest xmlns:android="http://schemas.android.com/apk/res/android"
3    package="com.pushnotificationpubnub"
4    android:versionCode="1"
5    android:versionName="1.0" >
6
7    <uses-sdk
8        android:minSdkVersion="16"
9        android:targetSdkVersion="28" />
10
11    <uses-permission android:name="android.permission.SYSTEM_ALERT_WINDOW" />
11-->src/main/AndroidManifest.xml:5:5-77
11-->src/main/AndroidManifest.xml:5:22-75
12    <uses-permission android:name="android.permission.INTERNET" />
12-->src/main/AndroidManifest.xml:4:5-67
12-->src/main/AndroidManifest.xml:4:22-64
13    <uses-permission android:name="android.permission.WAKE_LOCK" />
13-->src/main/AndroidManifest.xml:6:5-68
13-->src/main/AndroidManifest.xml:6:22-65
14
15    <permission
16        android:name="com.pushnotificationpubnub.permission.C2D_MESSAGE"
17        android:protectionLevel="signature" />
18
19    <uses-permission android:name="com.pushnotificationpubnub.permission.C2D_MESSAGE" />
20    <uses-permission android:name="android.permission.VIBRATE" />
20-->src/main/AndroidManifest.xml:11:5-66
20-->src/main/AndroidManifest.xml:11:22-63
21    <uses-permission android:name="android.permission.RECEIVE_BOOT_COMPLETED" />
21-->src/main/AndroidManifest.xml:12:5-80
21-->src/main/AndroidManifest.xml:12:22-78
22    <uses-permission android:name="android.permission.ACCESS_WIFI_STATE" /> <!-- Although the *SdkVersion is captured in gradle build files, this is required for non gradle builds -->
22-->[com.facebook.flipper:flipper:0.33.1] AndroidManifest.xml:16:5-76
22-->[com.facebook.flipper:flipper:0.33.1] AndroidManifest.xml:16:22-73
23    <!-- <uses-sdk android:minSdkVersion="14"/> -->
24    <uses-permission android:name="android.permission.ACCESS_NETWORK_STATE" /> <!-- Required by older versions of Google Play services to create IID tokens -->
24-->[com.google.android.datatransport:transport-backend-cct:2.2.0] AndroidManifest.xml:25:5-79
24-->[com.google.android.datatransport:transport-backend-cct:2.2.0] AndroidManifest.xml:25:22-76
25    <uses-permission android:name="com.google.android.c2dm.permission.RECEIVE" /> <!-- for android -->
25-->[com.google.firebase:firebase-iid:20.1.6] AndroidManifest.xml:26:5-82
25-->[com.google.firebase:firebase-iid:20.1.6] AndroidManifest.xml:26:22-79
26    <!-- <uses-permission android:name="com.android.launcher.permission.READ_SETTINGS"/> -->
27    <!-- <uses-permission android:name="com.android.launcher.permission.WRITE_SETTINGS"/> -->
28    <!-- <uses-permission android:name="com.android.launcher.permission.INSTALL_SHORTCUT" /> -->
29    <!-- <uses-permission android:name="com.android.launcher.permission.UNINSTALL_SHORTCUT" /> -->
30    <!-- for Samsung -->
31    <uses-permission android:name="com.sec.android.provider.badge.permission.READ" />
31-->[me.leolin:ShortcutBadger:1.1.22] AndroidManifest.xml:19:5-86
31-->[me.leolin:ShortcutBadger:1.1.22] AndroidManifest.xml:19:22-83
32    <uses-permission android:name="com.sec.android.provider.badge.permission.WRITE" /> <!-- for htc -->
32-->[me.leolin:ShortcutBadger:1.1.22] AndroidManifest.xml:20:5-87
32-->[me.leolin:ShortcutBadger:1.1.22] AndroidManifest.xml:20:22-84
33    <uses-permission android:name="com.htc.launcher.permission.READ_SETTINGS" />
33-->[me.leolin:ShortcutBadger:1.1.22] AndroidManifest.xml:23:5-81
33-->[me.leolin:ShortcutBadger:1.1.22] AndroidManifest.xml:23:22-78
34    <uses-permission android:name="com.htc.launcher.permission.UPDATE_SHORTCUT" /> <!-- for sony -->
34-->[me.leolin:ShortcutBadger:1.1.22] AndroidManifest.xml:24:5-83
34-->[me.leolin:ShortcutBadger:1.1.22] AndroidManifest.xml:24:22-80
35    <uses-permission android:name="com.sonyericsson.home.permission.BROADCAST_BADGE" />
35-->[me.leolin:ShortcutBadger:1.1.22] AndroidManifest.xml:27:5-88
35-->[me.leolin:ShortcutBadger:1.1.22] AndroidManifest.xml:27:22-85
36    <uses-permission android:name="com.sonymobile.home.permission.PROVIDER_INSERT_BADGE" /> <!-- for apex -->
36-->[me.leolin:ShortcutBadger:1.1.22] AndroidManifest.xml:28:5-92
36-->[me.leolin:ShortcutBadger:1.1.22] AndroidManifest.xml:28:22-89
37    <uses-permission android:name="com.anddoes.launcher.permission.UPDATE_COUNT" /> <!-- for solid -->
37-->[me.leolin:ShortcutBadger:1.1.22] AndroidManifest.xml:31:5-84
37-->[me.leolin:ShortcutBadger:1.1.22] AndroidManifest.xml:31:22-81
38    <uses-permission android:name="com.majeur.launcher.permission.UPDATE_BADGE" /> <!-- for huawei -->
38-->[me.leolin:ShortcutBadger:1.1.22] AndroidManifest.xml:34:5-83
38-->[me.leolin:ShortcutBadger:1.1.22] AndroidManifest.xml:34:22-80
39    <uses-permission android:name="com.huawei.android.launcher.permission.CHANGE_BADGE" />
39-->[me.leolin:ShortcutBadger:1.1.22] AndroidManifest.xml:37:5-91
39-->[me.leolin:ShortcutBadger:1.1.22] AndroidManifest.xml:37:22-88
40    <uses-permission android:name="com.huawei.android.launcher.permission.READ_SETTINGS" />
40-->[me.leolin:ShortcutBadger:1.1.22] AndroidManifest.xml:38:5-92
40-->[me.leolin:ShortcutBadger:1.1.22] AndroidManifest.xml:38:22-89
41    <uses-permission android:name="com.huawei.android.launcher.permission.WRITE_SETTINGS" /> <!-- for ZUK -->
41-->[me.leolin:ShortcutBadger:1.1.22] AndroidManifest.xml:39:5-93
41-->[me.leolin:ShortcutBadger:1.1.22] AndroidManifest.xml:39:22-90
42    <uses-permission android:name="android.permission.READ_APP_BADGE" /> <!-- for OPPO -->
42-->[me.leolin:ShortcutBadger:1.1.22] AndroidManifest.xml:42:5-73
42-->[me.leolin:ShortcutBadger:1.1.22] AndroidManifest.xml:42:22-70
43    <uses-permission android:name="com.oppo.launcher.permission.READ_SETTINGS" />
43-->[me.leolin:ShortcutBadger:1.1.22] AndroidManifest.xml:45:5-82
43-->[me.leolin:ShortcutBadger:1.1.22] AndroidManifest.xml:45:22-79
44    <uses-permission android:name="com.oppo.launcher.permission.WRITE_SETTINGS" /> <!-- for EvMe -->
44-->[me.leolin:ShortcutBadger:1.1.22] AndroidManifest.xml:46:5-83
44-->[me.leolin:ShortcutBadger:1.1.22] AndroidManifest.xml:46:22-80
45    <uses-permission android:name="me.everything.badger.permission.BADGE_COUNT_READ" />
45-->[me.leolin:ShortcutBadger:1.1.22] AndroidManifest.xml:49:5-88
45-->[me.leolin:ShortcutBadger:1.1.22] AndroidManifest.xml:49:22-85
46    <uses-permission android:name="me.everything.badger.permission.BADGE_COUNT_WRITE" />
46-->[me.leolin:ShortcutBadger:1.1.22] AndroidManifest.xml:50:5-89
46-->[me.leolin:ShortcutBadger:1.1.22] AndroidManifest.xml:50:22-86
47
48    <application
48-->src/main/AndroidManifest.xml:15:5-56:19
49        android:name="com.pushnotificationpubnub.MainApplication"
49-->src/main/AndroidManifest.xml:16:7-38
50        android:allowBackup="false"
50-->src/main/AndroidManifest.xml:20:7-34
51        android:appComponentFactory="androidx.core.app.CoreComponentFactory"
51-->[androidx.core:core:1.1.0] AndroidManifest.xml:24:18-86
52        android:debuggable="true"
53        android:icon="@mipmap/ic_launcher"
53-->src/main/AndroidManifest.xml:18:7-41
54        android:label="@string/app_name"
54-->src/main/AndroidManifest.xml:17:7-39
55        android:roundIcon="@mipmap/ic_launcher_round"
55-->src/main/AndroidManifest.xml:19:7-52
56        android:theme="@style/AppTheme"
56-->src/main/AndroidManifest.xml:21:7-38
57        android:usesCleartextTraffic="true" >
57-->src/debug/AndroidManifest.xml:7:18-53
58        <meta-data
58-->src/main/AndroidManifest.xml:22:9-23:44
59            android:name="com.dieam.reactnativepushnotification.notification_channel_name"
59-->src/main/AndroidManifest.xml:22:21-99
60            android:value="notifications" />
60-->src/main/AndroidManifest.xml:23:13-42
61        <meta-data
61-->src/main/AndroidManifest.xml:24:9-25:35
62            android:name="com.dieam.reactnativepushnotification.notification_channel_description"
62-->src/main/AndroidManifest.xml:24:21-106
63            android:value="test" /> <!-- Change the resource name to your App's accent color - or any other color you want -->
63-->src/main/AndroidManifest.xml:25:13-33
64        <meta-data
64-->src/main/AndroidManifest.xml:27:9-28:54
65            android:name="com.dieam.reactnativepushnotification.notification_color"
65-->src/main/AndroidManifest.xml:27:21-92
66            android:resource="@android:color/white" />
66-->src/main/AndroidManifest.xml:28:13-52
67
68        <receiver android:name="com.dieam.reactnativepushnotification.modules.RNPushNotificationPublisher" />
68-->src/main/AndroidManifest.xml:30:9-110
68-->src/main/AndroidManifest.xml:30:19-107
69        <receiver android:name="com.dieam.reactnativepushnotification.modules.RNPushNotificationBootEventReceiver" >
69-->src/main/AndroidManifest.xml:31:9-35:20
69-->src/main/AndroidManifest.xml:31:19-115
70            <intent-filter>
70-->src/main/AndroidManifest.xml:32:13-34:29
71                <action android:name="android.intent.action.BOOT_COMPLETED" />
71-->src/main/AndroidManifest.xml:33:17-79
71-->src/main/AndroidManifest.xml:33:25-76
72            </intent-filter>
73        </receiver>
74
75        <service android:name="com.dieam.reactnativepushnotification.modules.RNPushNotificationRegistrationService" />
75-->src/main/AndroidManifest.xml:36:9-118
75-->src/main/AndroidManifest.xml:36:18-116
76        <service
76-->src/main/AndroidManifest.xml:37:9-43:19
77            android:name="com.dieam.reactnativepushnotification.modules.RNPushNotificationListenerService"
77-->src/main/AndroidManifest.xml:38:13-107
78            android:exported="false" >
78-->src/main/AndroidManifest.xml:39:13-37
79            <intent-filter>
79-->src/main/AndroidManifest.xml:40:13-42:29
80                <action android:name="com.google.firebase.MESSAGING_EVENT" />
80-->src/main/AndroidManifest.xml:41:17-78
80-->src/main/AndroidManifest.xml:41:25-75
81            </intent-filter>
82        </service>
83
84        <activity
84-->src/main/AndroidManifest.xml:44:7-54:18
85            android:name="com.pushnotificationpubnub.MainActivity"
85-->src/main/AndroidManifest.xml:45:9-37
86            android:configChanges="keyboard|keyboardHidden|orientation|screenSize|uiMode"
86-->src/main/AndroidManifest.xml:47:9-86
87            android:label="@string/app_name"
87-->src/main/AndroidManifest.xml:46:9-41
88            android:launchMode="singleTop"
88-->src/main/AndroidManifest.xml:48:9-39
89            android:windowSoftInputMode="adjustResize" >
89-->src/main/AndroidManifest.xml:49:9-51
90            <intent-filter>
90-->src/main/AndroidManifest.xml:50:9-53:25
91                <action android:name="android.intent.action.MAIN" />
91-->src/main/AndroidManifest.xml:51:13-65
91-->src/main/AndroidManifest.xml:51:21-62
92
93                <category android:name="android.intent.category.LAUNCHER" />
93-->src/main/AndroidManifest.xml:52:13-73
93-->src/main/AndroidManifest.xml:52:23-70
94            </intent-filter>
95        </activity>
96        <activity android:name="com.facebook.react.devsupport.DevSettingsActivity" />
96-->src/main/AndroidManifest.xml:55:7-84
96-->src/main/AndroidManifest.xml:55:17-81
97        <!--
98             FirebaseMessagingService performs security checks at runtime,
99             but set to not exported to explicitly avoid allowing another app to call it.
100        -->
101        <service
101-->[com.google.firebase:firebase-messaging:20.1.6] AndroidManifest.xml:28:9-34:19
102            android:name="com.google.firebase.messaging.FirebaseMessagingService"
102-->[com.google.firebase:firebase-messaging:20.1.6] AndroidManifest.xml:29:13-82
103            android:exported="false" >
103-->[com.google.firebase:firebase-messaging:20.1.6] AndroidManifest.xml:30:13-37
104            <intent-filter android:priority="-500" >
104-->src/main/AndroidManifest.xml:40:13-42:29
105                <action android:name="com.google.firebase.MESSAGING_EVENT" />
105-->src/main/AndroidManifest.xml:41:17-78
105-->src/main/AndroidManifest.xml:41:25-75
106            </intent-filter>
107        </service>
108        <service
108-->[com.google.firebase:firebase-messaging:20.1.6] AndroidManifest.xml:35:9-41:19
109            android:name="com.google.firebase.components.ComponentDiscoveryService"
109-->[com.google.firebase:firebase-messaging:20.1.6] AndroidManifest.xml:36:13-84
110            android:directBootAware="true"
110-->[com.google.firebase:firebase-common:19.3.0] AndroidManifest.xml:34:13-43
111            android:exported="false" >
111-->[com.google.firebase:firebase-messaging:20.1.6] AndroidManifest.xml:37:13-37
112            <meta-data
112-->[com.google.firebase:firebase-messaging:20.1.6] AndroidManifest.xml:38:13-40:85
113                android:name="com.google.firebase.components:com.google.firebase.messaging.FirebaseMessagingRegistrar"
113-->[com.google.firebase:firebase-messaging:20.1.6] AndroidManifest.xml:39:17-119
114                android:value="com.google.firebase.components.ComponentRegistrar" />
114-->[com.google.firebase:firebase-messaging:20.1.6] AndroidManifest.xml:40:17-82
115            <meta-data
115-->[com.google.firebase:firebase-datatransport:17.0.3] AndroidManifest.xml:28:13-30:85
116                android:name="com.google.firebase.components:com.google.firebase.datatransport.TransportRegistrar"
116-->[com.google.firebase:firebase-datatransport:17.0.3] AndroidManifest.xml:29:17-115
117                android:value="com.google.firebase.components.ComponentRegistrar" />
117-->[com.google.firebase:firebase-datatransport:17.0.3] AndroidManifest.xml:30:17-82
118            <meta-data
118-->[com.google.firebase:firebase-iid:20.1.6] AndroidManifest.xml:32:13-34:85
119                android:name="com.google.firebase.components:com.google.firebase.iid.Registrar"
119-->[com.google.firebase:firebase-iid:20.1.6] AndroidManifest.xml:33:17-96
120                android:value="com.google.firebase.components.ComponentRegistrar" />
120-->[com.google.firebase:firebase-iid:20.1.6] AndroidManifest.xml:34:17-82
121            <meta-data
121-->[com.google.firebase:firebase-installations:16.2.2] AndroidManifest.xml:17:13-19:85
122                android:name="com.google.firebase.components:com.google.firebase.installations.FirebaseInstallationsRegistrar"
122-->[com.google.firebase:firebase-installations:16.2.2] AndroidManifest.xml:18:17-127
123                android:value="com.google.firebase.components.ComponentRegistrar" />
123-->[com.google.firebase:firebase-installations:16.2.2] AndroidManifest.xml:19:17-82
124        </service>
125        <service
125-->[com.google.android.datatransport:transport-backend-cct:2.2.0] AndroidManifest.xml:29:9-35:19
126            android:name="com.google.android.datatransport.runtime.backends.TransportBackendDiscovery"
126-->[com.google.android.datatransport:transport-backend-cct:2.2.0] AndroidManifest.xml:30:13-103
127            android:exported="false" >
127-->[com.google.android.datatransport:transport-backend-cct:2.2.0] AndroidManifest.xml:31:13-37
128            <meta-data
128-->[com.google.android.datatransport:transport-backend-cct:2.2.0] AndroidManifest.xml:32:13-34:39
129                android:name="backend:com.google.android.datatransport.cct.CctBackendFactory"
129-->[com.google.android.datatransport:transport-backend-cct:2.2.0] AndroidManifest.xml:33:17-94
130                android:value="cct" />
130-->[com.google.android.datatransport:transport-backend-cct:2.2.0] AndroidManifest.xml:34:17-36
131        </service>
132        <service
132-->[com.google.android.datatransport:transport-runtime:2.2.0] AndroidManifest.xml:26:9-30:19
133            android:name="com.google.android.datatransport.runtime.scheduling.jobscheduling.JobInfoSchedulerService"
133-->[com.google.android.datatransport:transport-runtime:2.2.0] AndroidManifest.xml:27:13-117
134            android:exported="false"
134-->[com.google.android.datatransport:transport-runtime:2.2.0] AndroidManifest.xml:28:13-37
135            android:permission="android.permission.BIND_JOB_SERVICE" >
135-->[com.google.android.datatransport:transport-runtime:2.2.0] AndroidManifest.xml:29:13-69
136        </service>
137
138        <receiver
138-->[com.google.android.datatransport:transport-runtime:2.2.0] AndroidManifest.xml:32:9-34:40
139            android:name="com.google.android.datatransport.runtime.scheduling.jobscheduling.AlarmManagerSchedulerBroadcastReceiver"
139-->[com.google.android.datatransport:transport-runtime:2.2.0] AndroidManifest.xml:33:13-132
140            android:exported="false" />
140-->[com.google.android.datatransport:transport-runtime:2.2.0] AndroidManifest.xml:34:13-37
141        <receiver
141-->[com.google.firebase:firebase-iid:20.1.6] AndroidManifest.xml:37:9-44:20
142            android:name="com.google.firebase.iid.FirebaseInstanceIdReceiver"
142-->[com.google.firebase:firebase-iid:20.1.6] AndroidManifest.xml:38:13-78
143            android:exported="true"
143-->[com.google.firebase:firebase-iid:20.1.6] AndroidManifest.xml:39:13-36
144            android:permission="com.google.android.c2dm.permission.SEND" >
144-->[com.google.firebase:firebase-iid:20.1.6] AndroidManifest.xml:40:13-73
145            <intent-filter>
145-->[com.google.firebase:firebase-iid:20.1.6] AndroidManifest.xml:41:13-43:29
146                <action android:name="com.google.android.c2dm.intent.RECEIVE" />
146-->[com.google.firebase:firebase-iid:20.1.6] AndroidManifest.xml:42:17-81
146-->[com.google.firebase:firebase-iid:20.1.6] AndroidManifest.xml:42:25-78
147            </intent-filter>
148        </receiver>
149
150        <provider
150-->[com.google.firebase:firebase-common:19.3.0] AndroidManifest.xml:26:9-30:39
151            android:name="com.google.firebase.provider.FirebaseInitProvider"
151-->[com.google.firebase:firebase-common:19.3.0] AndroidManifest.xml:27:13-77
152            android:authorities="com.pushnotificationpubnub.firebaseinitprovider"
152-->[com.google.firebase:firebase-common:19.3.0] AndroidManifest.xml:28:13-72
153            android:exported="false"
153-->[com.google.firebase:firebase-common:19.3.0] AndroidManifest.xml:29:13-37
154            android:initOrder="100" />
154-->[com.google.firebase:firebase-common:19.3.0] AndroidManifest.xml:30:13-36
155
156        <activity
156-->[com.google.android.gms:play-services-base:17.0.0] AndroidManifest.xml:23:9-26:75
157            android:name="com.google.android.gms.common.api.GoogleApiActivity"
157-->[com.google.android.gms:play-services-base:17.0.0] AndroidManifest.xml:24:13-79
158            android:exported="false"
158-->[com.google.android.gms:play-services-base:17.0.0] AndroidManifest.xml:25:13-37
159            android:theme="@android:style/Theme.Translucent.NoTitleBar" />
159-->[com.google.android.gms:play-services-base:17.0.0] AndroidManifest.xml:26:13-72
160
161        <meta-data
161-->[com.google.android.gms:play-services-basement:17.0.0] AndroidManifest.xml:23:9-25:69
162            android:name="com.google.android.gms.version"
162-->[com.google.android.gms:play-services-basement:17.0.0] AndroidManifest.xml:24:13-58
163            android:value="@integer/google_play_services_version" />
163-->[com.google.android.gms:play-services-basement:17.0.0] AndroidManifest.xml:25:13-66
164    </application>
165
166</manifest>